0 info it worked if it ends with ok
1 verbose cli [ '/Users/hongrunhui/.nvm/versions/node/v6.11.2/bin/node',
1 verbose cli   '/Users/hongrunhui/.nvm/versions/node/v6.11.2/bin/npm',
1 verbose cli   'run',
1 verbose cli   'vue-webpack' ]
2 info using npm@3.10.10
3 info using node@v6.11.2
4 verbose run-script [ 'prevue-webpack', 'vue-webpack', 'postvue-webpack' ]
5 info lifecycle api@1.0.0~prevue-webpack: api@1.0.0
6 silly lifecycle api@1.0.0~prevue-webpack: no script for prevue-webpack, continuing
7 info lifecycle api@1.0.0~vue-webpack: api@1.0.0
8 verbose lifecycle api@1.0.0~vue-webpack: unsafe-perm in lifecycle true
9 verbose lifecycle api@1.0.0~vue-webpack: PATH: /Users/hongrunhui/.nvm/versions/node/v6.11.2/lib/node_modules/npm/bin/node-gyp-bin:/Users/hongrunhui/Documents/mydata/API/node_modules/.bin:/Users/hongrunhui/.nvm/versions/node/v6.11.2/bin:/usr/local/bin:/usr/bin:/bin:/usr/sbin:/sbin
10 verbose lifecycle api@1.0.0~vue-webpack: CWD: /Users/hongrunhui/Documents/mydata/API
11 silly lifecycle api@1.0.0~vue-webpack: Args: [ '-c', 'sh ./shell.sh vue-webpack' ]
12 silly lifecycle api@1.0.0~vue-webpack: Returned: code: 139  signal: null
13 info lifecycle api@1.0.0~vue-webpack: Failed to exec vue-webpack script
14 verbose stack Error: api@1.0.0 vue-webpack: `sh ./shell.sh vue-webpack`
14 verbose stack Exit status 139
14 verbose stack     at EventEmitter.<anonymous> (/Users/hongrunhui/.nvm/versions/node/v6.11.2/lib/node_modules/npm/lib/utils/lifecycle.js:255:16)
14 verbose stack     at emitTwo (events.js:106:13)
14 verbose stack     at EventEmitter.emit (events.js:191:7)
14 verbose stack     at ChildProcess.<anonymous> (/Users/hongrunhui/.nvm/versions/node/v6.11.2/lib/node_modules/npm/lib/utils/spawn.js:40:14)
14 verbose stack     at emitTwo (events.js:106:13)
14 verbose stack     at ChildProcess.emit (events.js:191:7)
14 verbose stack     at maybeClose (internal/child_process.js:891:16)
14 verbose stack     at Process.ChildProcess._handle.onexit (internal/child_process.js:226:5)
15 verbose pkgid api@1.0.0
16 verbose cwd /Users/hongrunhui/Documents/mydata/API/frontend/vue/webpack
17 error Darwin 15.6.0
18 error argv "/Users/hongrunhui/.nvm/versions/node/v6.11.2/bin/node" "/Users/hongrunhui/.nvm/versions/node/v6.11.2/bin/npm" "run" "vue-webpack"
19 error node v6.11.2
20 error npm  v3.10.10
21 error code ELIFECYCLE
22 error api@1.0.0 vue-webpack: `sh ./shell.sh vue-webpack`
22 error Exit status 139
23 error Failed at the api@1.0.0 vue-webpack script 'sh ./shell.sh vue-webpack'.
23 error Make sure you have the latest version of node.js and npm installed.
23 error If you do, this is most likely a problem with the api package,
23 error not with npm itself.
23 error Tell the author that this fails on your system:
23 error     sh ./shell.sh vue-webpack
23 error You can get information on how to open an issue for this project with:
23 error     npm bugs api
23 error Or if that isn't available, you can get their info via:
23 error     npm owner ls api
23 error There is likely additional logging output above.
24 verbose exit [ 1, true ]
